==2603== Memcheck, a memory error detector
==2603== Copyright (C) 2002-2015, and GNU GPL'd, by Julian Seward et al.
==2603== Using Valgrind-3.11.0 and LibVEX; rerun with -h for copyright info
==2603== Command: ./astroPi3
==2603== Parent PID: 11414
==2603== 
==2603== Conditional jump or move depends on uninitialised value(s)
==2603==    at 0x4E486C3: pthread_cancel (pthread_cancel.c:33)
==2603==    by 0x410AFF: maintextWindow::stopThread() (objwindow.cpp:208)
==2603==    by 0x40487B: releaseCurses() (astrocurses.cpp:188)
==2603==    by 0x40E473: main (main.cpp:67)
==2603== 
==2603== Conditional jump or move depends on uninitialised value(s)
==2603==    at 0x4E42913: pthread_join (pthread_join.c:45)
==2603==    by 0x410B28: maintextWindow::stopThread() (objwindow.cpp:209)
==2603==    by 0x40487B: releaseCurses() (astrocurses.cpp:188)
==2603==    by 0x40E473: main (main.cpp:67)
==2603== 
==2603== 
==2603== HEAP SUMMARY:
==2603==     in use at exit: 291,402 bytes in 437 blocks
==2603==   total heap usage: 1,989 allocs, 1,552 frees, 702,459 bytes allocated
==2603== 
==2603== 1 bytes in 1 blocks are definitely lost in loss record 1 of 115
==2603==    at 0x4C2DB8F: malloc (in /usr/lib/valgrind/vgpreload_memcheck-amd64-linux.so)
==2603==    by 0x6489A59: strdup (strdup.c:42)
==2603==    by 0x40EB70: squareButton::squareButton(_win_st*, int, int, char const*, char const*, activeState_e, void* (*)(void*)) (objbutton.cpp:80)
==2603==    by 0x4113AC: buttonWindow::addButton(char const*, resp_e, int, char const*, char const*, void* (*)(void*)) (objwindow.cpp:245)
==2603==    by 0x40E462: main (main.cpp:64)
==2603== 
==2603== 5 bytes in 1 blocks are definitely lost in loss record 4 of 115
==2603==    at 0x4C2DB8F: malloc (in /usr/lib/valgrind/vgpreload_memcheck-amd64-linux.so)
==2603==    by 0x6489A59: strdup (strdup.c:42)
==2603==    by 0x40EB70: squareButton::squareButton(_win_st*, int, int, char const*, char const*, activeState_e, void* (*)(void*)) (objbutton.cpp:80)
==2603==    by 0x4113AC: buttonWindow::addButton(char const*, resp_e, int, char const*, char const*, void* (*)(void*)) (objwindow.cpp:245)
==2603==    by 0x40E39C: main (main.cpp:61)
==2603== 
==2603== 5 bytes in 1 blocks are definitely lost in loss record 5 of 115
==2603==    at 0x4C2DB8F: malloc (in /usr/lib/valgrind/vgpreload_memcheck-amd64-linux.so)
==2603==    by 0x6489A59: strdup (strdup.c:42)
==2603==    by 0x40EB87: squareButton::squareButton(_win_st*, int, int, char const*, char const*, activeState_e, void* (*)(void*)) (objbutton.cpp:81)
==2603==    by 0x4113AC: buttonWindow::addButton(char const*, resp_e, int, char const*, char const*, void* (*)(void*)) (objwindow.cpp:245)
==2603==    by 0x40E3DE: main (main.cpp:62)
==2603== 
==2603== 5 bytes in 1 blocks are definitely lost in loss record 6 of 115
==2603==    at 0x4C2DB8F: malloc (in /usr/lib/valgrind/vgpreload_memcheck-amd64-linux.so)
==2603==    by 0x6489A59: strdup (strdup.c:42)
==2603==    by 0x40EB87: squareButton::squareButton(_win_st*, int, int, char const*, char const*, activeState_e, void* (*)(void*)) (objbutton.cpp:81)
==2603==    by 0x4113AC: buttonWindow::addButton(char const*, resp_e, int, char const*, char const*, void* (*)(void*)) (objwindow.cpp:245)
==2603==    by 0x40E462: main (main.cpp:64)
==2603== 
==2603== 7 bytes in 1 blocks are definitely lost in loss record 9 of 115
==2603==    at 0x4C2DB8F: malloc (in /usr/lib/valgrind/vgpreload_memcheck-amd64-linux.so)
==2603==    by 0x6489A59: strdup (strdup.c:42)
==2603==    by 0x40EB87: squareButton::squareButton(_win_st*, int, int, char const*, char const*, activeState_e, void* (*)(void*)) (objbutton.cpp:81)
==2603==    by 0x4113AC: buttonWindow::addButton(char const*, resp_e, int, char const*, char const*, void* (*)(void*)) (objwindow.cpp:245)
==2603==    by 0x40E39C: main (main.cpp:61)
==2603== 
==2603== 7 bytes in 1 blocks are definitely lost in loss record 10 of 115
==2603==    at 0x4C2DB8F: malloc (in /usr/lib/valgrind/vgpreload_memcheck-amd64-linux.so)
==2603==    by 0x6489A59: strdup (strdup.c:42)
==2603==    by 0x40EB70: squareButton::squareButton(_win_st*, int, int, char const*, char const*, activeState_e, void* (*)(void*)) (objbutton.cpp:80)
==2603==    by 0x4113AC: buttonWindow::addButton(char const*, resp_e, int, char const*, char const*, void* (*)(void*)) (objwindow.cpp:245)
==2603==    by 0x40E3DE: main (main.cpp:62)
==2603== 
==2603== 7 bytes in 1 blocks are definitely lost in loss record 11 of 115
==2603==    at 0x4C2DB8F: malloc (in /usr/lib/valgrind/vgpreload_memcheck-amd64-linux.so)
==2603==    by 0x6489A59: strdup (strdup.c:42)
==2603==    by 0x40EB70: squareButton::squareButton(_win_st*, int, int, char const*, char const*, activeState_e, void* (*)(void*)) (objbutton.cpp:80)
==2603==    by 0x4113AC: buttonWindow::addButton(char const*, resp_e, int, char const*, char const*, void* (*)(void*)) (objwindow.cpp:245)
==2603==    by 0x40E420: main (main.cpp:63)
==2603== 
==2603== 7 bytes in 1 blocks are definitely lost in loss record 12 of 115
==2603==    at 0x4C2DB8F: malloc (in /usr/lib/valgrind/vgpreload_memcheck-amd64-linux.so)
==2603==    by 0x6489A59: strdup (strdup.c:42)
==2603==    by 0x40EB87: squareButton::squareButton(_win_st*, int, int, char const*, char const*, activeState_e, void* (*)(void*)) (objbutton.cpp:81)
==2603==    by 0x4113AC: buttonWindow::addButton(char const*, resp_e, int, char const*, char const*, void* (*)(void*)) (objwindow.cpp:245)
==2603==    by 0x40E420: main (main.cpp:63)
==2603== 
==2603== 589 (352 direct, 237 indirect) bytes in 1 blocks are definitely lost in loss record 90 of 115
==2603==    at 0x4C2E0EF: operator new(unsigned long) (in /usr/lib/valgrind/vgpreload_memcheck-amd64-linux.so)
==2603==    by 0x40512F: callBtnWinLeaveProgram(void*) (astrocurses.cpp:394)
==2603==    by 0x40E86F: objButton::isSelectedBtn(int, int, buttonWindow*) (objbutton.cpp:68)
==2603==    by 0x411EAB: buttonWindow::getClickPos(int, int) (objwindow.cpp:369)
==2603==    by 0x405003: mainLoop() (astrocurses.cpp:369)
==2603==    by 0x40E46B: main (main.cpp:66)
==2603== 
==2603== LEAK SUMMARY:
==2603==    definitely lost: 396 bytes in 9 blocks
==2603==    indirectly lost: 237 bytes in 6 blocks
==2603==      possibly lost: 0 bytes in 0 blocks
==2603==    still reachable: 290,769 bytes in 422 blocks
==2603==         suppressed: 0 bytes in 0 blocks
==2603== Reachable blocks (those to which a pointer was found) are not shown.
==2603== To see them, rerun with: --leak-check=full --show-leak-kinds=all
==2603== 
==2603== For counts of detected and suppressed errors, rerun with: -v
==2603== Use --track-origins=yes to see where uninitialised values come from
==2603== ERROR SUMMARY: 11 errors from 11 contexts (suppressed: 0 from 0)
